Sun Apr 16 21:34:08 BRT 2017 : Apache Derby Servidor de Rede - 10.10.2.0 - (1582446) iniciado e pronto para aceitar conexões na porta 1527 em {3}
----------------------------------------------------------------
Sun Apr 16 21:34:08 BRT 2017:
 Inicializando o Derby versão The Apache Software Foundation - Apache Derby - 10.10.2.0 - (1582446): instância a816c00e-015b-7954-be62-00002a12aa79
no diretório de banco de dados E:\git-projects\pi3-while-true\CodigosFonte\BaseDados\baseLoja 

java.vendor=Oracle Corporation
java.runtime.version=1.8.0_121-b13
user.dir=C:\Program Files\glassfish-4.1.1\javadb
os.name=Windows 10
os.arch=amd64
os.version=10.0
derby.system.home=E:\git-projects\pi3-while-true\CodigosFonte\BaseDados
Carregador de classe do banco de dados iniciado - derby.database.classpath=''
----------------------------------------------------------------
Sun Apr 16 21:34:16 BRT 2017:
Encerrando a instância a816c00e-015b-7954-be62-00002a12aa79
Sun Apr 16 21:34:16 BRT 2017 Thread[DRDAConnThread_2,5,main] (DATABASE = baseLoja), (DRDAID = {2}), Banco de dados 'baseLoja' fechado.
----------------------------------------------------------------
Sun Apr 16 21:35:13 BRT 2017:
 Inicializando o Derby versão The Apache Software Foundation - Apache Derby - 10.10.2.0 - (1582446): instância 560740aa-015b-7954-be62-00002a12aa79
no diretório de banco de dados E:\git-projects\pi3-while-true\CodigosFonte\BaseDados\baseLoja 

java.vendor=Oracle Corporation
java.runtime.version=1.8.0_121-b13
user.dir=C:\Program Files\glassfish-4.1.1\javadb
os.name=Windows 10
os.arch=amd64
os.version=10.0
derby.system.home=E:\git-projects\pi3-while-true\CodigosFonte\BaseDados
Carregador de classe do banco de dados iniciado - derby.database.classpath=''
